<?xml version="1.0" encoding="UTF-8"?>
<testsuites>
  <testsuite name="C:\Users\info\Documents\Repositories\petfeeder\api\phpunit.xml" tests="4" assertions="0" errors="4" failures="0" skipped="0" time="0.000000">
    <testsuite name="Feature" tests="4" assertions="0" errors="4" failures="0" skipped="0" time="0.000000">
      <testsuite name="Tests\Feature\HouseholdApiTest" file="tests\Feature\HouseholdApiTest.php" tests="4" assertions="0" errors="4" failures="0" skipped="0" time="0.000000">
        <testcase name="unauthenticated users cannot access households" file="tests\Feature\HouseholdApiTest.php::unauthenticated users cannot access households" class="Tests\Feature\HouseholdApiTest" classname="Tests.Feature.HouseholdApiTest" assertions="0" time="0.000000">
          <error type="Illuminate\Database\QueryException">unauthenticated users cannot access householdsIlluminate\Database\QueryException: could not find driver (Connection: sqlite, Database: :memory:, SQL: select exists (select 1 from "main".sqlite_master where name = 'migrations' and type = 'table') as "exists")&#13;
at vendor\laravel\framework\src\Illuminate\Database\Connectors\Connector.php:66
at vendor\laravel\framework\src\Illuminate\Database\Connectors\Connector.php:44
at vendor\laravel\framework\src\Illuminate\Database\Connectors\SQLiteConnector.php:21
at vendor\laravel\framework\src\Illuminate\Database\Connectors\ConnectionFactory.php:225
at vendor\laravel\framework\src\Illuminate\Database\Connection.php:1260
at vendor\laravel\framework\src\Illuminate\Database\Connection.php:1298
at vendor\laravel\framework\src\Illuminate\Database\Connection.php:528
at vendor\laravel\framework\src\Illuminate\Database\Connection.php:421
at vendor\laravel\framework\src\Illuminate\Database\Connection.php:830
at vendor\laravel\framework\src\Illuminate\Database\Connection.php:797
at vendor\laravel\framework\src\Illuminate\Database\Connection.php:412
at vendor\laravel\framework\src\Illuminate\Database\Connection.php:357
at vendor\laravel\framework\src\Illuminate\Database\Connection.php:374
at vendor\laravel\framework\src\Illuminate\Database\Schema\Builder.php:176
at vendor\laravel\framework\src\Illuminate\Database\Migrations\DatabaseMigrationRepository.php:185
at vendor\laravel\framework\src\Illuminate\Database\Migrations\Migrator.php:758
at vendor\laravel\framework\src\Illuminate\Database\Console\Migrations\MigrateCommand.php:166
at vendor\laravel\framework\src\Illuminate\Support\helpers.php:328
at vendor\laravel\framework\src\Illuminate\Database\Console\Migrations\MigrateCommand.php:166
at vendor\laravel\framework\src\Illuminate\Database\Console\Migrations\MigrateCommand.php:142
at vendor\laravel\framework\src\Illuminate\Database\Console\Migrations\MigrateCommand.php:112
at vendor\laravel\framework\src\Illuminate\Database\Migrations\Migrator.php:671
at vendor\laravel\framework\src\Illuminate\Database\Console\Migrations\MigrateCommand.php:111
at vendor\laravel\framework\src\Illuminate\Database\Console\Migrations\MigrateCommand.php:90
at vendor\laravel\framework\src\Illuminate\Container\BoundMethod.php:36
at vendor\laravel\framework\src\Illuminate\Container\Util.php:43
at vendor\laravel\framework\src\Illuminate\Container\BoundMethod.php:96
at vendor\laravel\framework\src\Illuminate\Container\BoundMethod.php:35
at vendor\laravel\framework\src\Illuminate\Container\Container.php:799
at vendor\laravel\framework\src\Illuminate\Console\Command.php:273
at vendor\symfony\console\Command\Command.php:341
at vendor\laravel\framework\src\Illuminate\Console\Command.php:242
at vendor\laravel\framework\src\Illuminate\Console\Concerns\CallsCommands.php:68
at vendor\laravel\framework\src\Illuminate\Console\Concerns\CallsCommands.php:29
at vendor\laravel\framework\src\Illuminate\Database\Console\Migrations\FreshCommand.php:88
at vendor\laravel\framework\src\Illuminate\Container\BoundMethod.php:36
at vendor\laravel\framework\src\Illuminate\Container\Util.php:43
at vendor\laravel\framework\src\Illuminate\Container\BoundMethod.php:96
at vendor\laravel\framework\src\Illuminate\Container\BoundMethod.php:35
at vendor\laravel\framework\src\Illuminate\Container\Container.php:799
at vendor\laravel\framework\src\Illuminate\Console\Command.php:273
at vendor\symfony\console\Command\Command.php:341
at vendor\laravel\framework\src\Illuminate\Console\Command.php:242
at vendor\symfony\console\Application.php:1094
at vendor\symfony\console\Application.php:356
at vendor\symfony\console\Application.php:195
at vendor\laravel\framework\src\Illuminate\Console\Application.php:165
at vendor\laravel\framework\src\Illuminate\Foundation\Console\Kernel.php:447
at vendor\laravel\framework\src\Illuminate\Testing\PendingCommand.php:451
at vendor\laravel\framework\src\Illuminate\Testing\PendingCommand.php:675
at vendor\laravel\framework\src\Illuminate\Foundation\Testing\Concerns\InteractsWithConsole.php:87
at vendor\laravel\framework\src\Illuminate\Foundation\Testing\RefreshDatabase.php:119
at vendor\laravel\framework\src\Illuminate\Foundation\Testing\RefreshDatabase.php:84
at vendor\laravel\framework\src\Illuminate\Foundation\Testing\RefreshDatabase.php:25
at vendor\laravel\framework\src\Illuminate\Foundation\Testing\Concerns\InteractsWithTestCaseLifecycle.php:223
at vendor\laravel\framework\src\Illuminate\Foundation\Testing\Concerns\InteractsWithTestCaseLifecycle.php:104
at vendor\laravel\framework\src\Illuminate\Foundation\Testing\TestCase.php:63
Caused by
PDOException: could not find driver

at vendor\laravel\framework\src\Illuminate\Database\Connectors\Connector.php:66
at vendor\laravel\framework\src\Illuminate\Database\Connectors\Connector.php:44
at vendor\laravel\framework\src\Illuminate\Database\Connectors\SQLiteConnector.php:21
at vendor\laravel\framework\src\Illuminate\Database\Connectors\ConnectionFactory.php:225
at vendor\laravel\framework\src\Illuminate\Database\Connection.php:1260
at vendor\laravel\framework\src\Illuminate\Database\Connection.php:1298
at vendor\laravel\framework\src\Illuminate\Database\Connection.php:528
at vendor\laravel\framework\src\Illuminate\Database\Connection.php:421
at vendor\laravel\framework\src\Illuminate\Database\Connection.php:830
at vendor\laravel\framework\src\Illuminate\Database\Connection.php:797
at vendor\laravel\framework\src\Illuminate\Database\Connection.php:412
at vendor\laravel\framework\src\Illuminate\Database\Connection.php:357
at vendor\laravel\framework\src\Illuminate\Database\Connection.php:374
at vendor\laravel\framework\src\Illuminate\Database\Schema\Builder.php:176
at vendor\laravel\framework\src\Illuminate\Database\Migrations\DatabaseMigrationRepository.php:185
at vendor\laravel\framework\src\Illuminate\Database\Migrations\Migrator.php:758
at vendor\laravel\framework\src\Illuminate\Database\Console\Migrations\MigrateCommand.php:166
at vendor\laravel\framework\src\Illuminate\Support\helpers.php:328
at vendor\laravel\framework\src\Illuminate\Database\Console\Migrations\MigrateCommand.php:166
at vendor\laravel\framework\src\Illuminate\Database\Console\Migrations\MigrateCommand.php:142
at vendor\laravel\framework\src\Illuminate\Database\Console\Migrations\MigrateCommand.php:112
at vendor\laravel\framework\src\Illuminate\Database\Migrations\Migrator.php:671
at vendor\laravel\framework\src\Illuminate\Database\Console\Migrations\MigrateCommand.php:111
at vendor\laravel\framework\src\Illuminate\Database\Console\Migrations\MigrateCommand.php:90
at vendor\laravel\framework\src\Illuminate\Container\BoundMethod.php:36
at vendor\laravel\framework\src\Illuminate\Container\Util.php:43
at vendor\laravel\framework\src\Illuminate\Container\BoundMethod.php:96
at vendor\laravel\framework\src\Illuminate\Container\BoundMethod.php:35
at vendor\laravel\framework\src\Illuminate\Container\Container.php:799
at vendor\laravel\framework\src\Illuminate\Console\Command.php:273
at vendor\symfony\console\Command\Command.php:341
at vendor\laravel\framework\src\Illuminate\Console\Command.php:242
at vendor\laravel\framework\src\Illuminate\Console\Concerns\CallsCommands.php:68
at vendor\laravel\framework\src\Illuminate\Console\Concerns\CallsCommands.php:29
at vendor\laravel\framework\src\Illuminate\Database\Console\Migrations\FreshCommand.php:88
at vendor\laravel\framework\src\Illuminate\Container\BoundMethod.php:36
at vendor\laravel\framework\src\Illuminate\Container\Util.php:43
at vendor\laravel\framework\src\Illuminate\Container\BoundMethod.php:96
at vendor\laravel\framework\src\Illuminate\Container\BoundMethod.php:35
at vendor\laravel\framework\src\Illuminate\Container\Container.php:799
at vendor\laravel\framework\src\Illuminate\Console\Command.php:273
at vendor\symfony\console\Command\Command.php:341
at vendor\laravel\framework\src\Illuminate\Console\Command.php:242
at vendor\symfony\console\Application.php:1094
at vendor\symfony\console\Application.php:356
at vendor\symfony\console\Application.php:195
at vendor\laravel\framework\src\Illuminate\Console\Application.php:165
at vendor\laravel\framework\src\Illuminate\Foundation\Console\Kernel.php:447
at vendor\laravel\framework\src\Illuminate\Testing\PendingCommand.php:451
at vendor\laravel\framework\src\Illuminate\Testing\PendingCommand.php:675
at vendor\laravel\framework\src\Illuminate\Foundation\Testing\Concerns\InteractsWithConsole.php:87
at vendor\laravel\framework\src\Illuminate\Foundation\Testing\RefreshDatabase.php:119
at vendor\laravel\framework\src\Illuminate\Foundation\Testing\RefreshDatabase.php:84
at vendor\laravel\framework\src\Illuminate\Foundation\Testing\RefreshDatabase.php:25
at vendor\laravel\framework\src\Illuminate\Foundation\Testing\Concerns\InteractsWithTestCaseLifecycle.php:223
at vendor\laravel\framework\src\Illuminate\Foundation\Testing\Concerns\InteractsWithTestCaseLifecycle.php:104
at vendor\laravel\framework\src\Illuminate\Foundation\Testing\TestCase.php:63</error>
        </testcase>
        <testcase name="user can create a household and is attached as admin" file="tests\Feature\HouseholdApiTest.php::user can create a household and is attached as admin" class="Tests\Feature\HouseholdApiTest" classname="Tests.Feature.HouseholdApiTest" assertions="0" time="0.000000">
          <error type="Illuminate\Database\QueryException">user can create a household and is attached as adminIlluminate\Database\QueryException: could not find driver (Connection: sqlite, Database: :memory:, SQL: select exists (select 1 from "main".sqlite_master where name = 'migrations' and type = 'table') as "exists")&#13;
at vendor\laravel\framework\src\Illuminate\Database\Connectors\Connector.php:66
at vendor\laravel\framework\src\Illuminate\Database\Connectors\Connector.php:44
at vendor\laravel\framework\src\Illuminate\Database\Connectors\SQLiteConnector.php:21
at vendor\laravel\framework\src\Illuminate\Database\Connectors\ConnectionFactory.php:225
at vendor\laravel\framework\src\Illuminate\Database\Connection.php:1260
at vendor\laravel\framework\src\Illuminate\Database\Connection.php:1298
at vendor\laravel\framework\src\Illuminate\Database\Connection.php:528
at vendor\laravel\framework\src\Illuminate\Database\Connection.php:421
at vendor\laravel\framework\src\Illuminate\Database\Connection.php:830
at vendor\laravel\framework\src\Illuminate\Database\Connection.php:797
at vendor\laravel\framework\src\Illuminate\Database\Connection.php:412
at vendor\laravel\framework\src\Illuminate\Database\Connection.php:357
at vendor\laravel\framework\src\Illuminate\Database\Connection.php:374
at vendor\laravel\framework\src\Illuminate\Database\Schema\Builder.php:176
at vendor\laravel\framework\src\Illuminate\Database\Migrations\DatabaseMigrationRepository.php:185
at vendor\laravel\framework\src\Illuminate\Database\Migrations\Migrator.php:758
at vendor\laravel\framework\src\Illuminate\Database\Console\Migrations\MigrateCommand.php:166
at vendor\laravel\framework\src\Illuminate\Support\helpers.php:328
at vendor\laravel\framework\src\Illuminate\Database\Console\Migrations\MigrateCommand.php:166
at vendor\laravel\framework\src\Illuminate\Database\Console\Migrations\MigrateCommand.php:142
at vendor\laravel\framework\src\Illuminate\Database\Console\Migrations\MigrateCommand.php:112
at vendor\laravel\framework\src\Illuminate\Database\Migrations\Migrator.php:671
at vendor\laravel\framework\src\Illuminate\Database\Console\Migrations\MigrateCommand.php:111
at vendor\laravel\framework\src\Illuminate\Database\Console\Migrations\MigrateCommand.php:90
at vendor\laravel\framework\src\Illuminate\Container\BoundMethod.php:36
at vendor\laravel\framework\src\Illuminate\Container\Util.php:43
at vendor\laravel\framework\src\Illuminate\Container\BoundMethod.php:96
at vendor\laravel\framework\src\Illuminate\Container\BoundMethod.php:35
at vendor\laravel\framework\src\Illuminate\Container\Container.php:799
at vendor\laravel\framework\src\Illuminate\Console\Command.php:273
at vendor\symfony\console\Command\Command.php:341
at vendor\laravel\framework\src\Illuminate\Console\Command.php:242
at vendor\laravel\framework\src\Illuminate\Console\Concerns\CallsCommands.php:68
at vendor\laravel\framework\src\Illuminate\Console\Concerns\CallsCommands.php:29
at vendor\laravel\framework\src\Illuminate\Database\Console\Migrations\FreshCommand.php:88
at vendor\laravel\framework\src\Illuminate\Container\BoundMethod.php:36
at vendor\laravel\framework\src\Illuminate\Container\Util.php:43
at vendor\laravel\framework\src\Illuminate\Container\BoundMethod.php:96
at vendor\laravel\framework\src\Illuminate\Container\BoundMethod.php:35
at vendor\laravel\framework\src\Illuminate\Container\Container.php:799
at vendor\laravel\framework\src\Illuminate\Console\Command.php:273
at vendor\symfony\console\Command\Command.php:341
at vendor\laravel\framework\src\Illuminate\Console\Command.php:242
at vendor\symfony\console\Application.php:1094
at vendor\symfony\console\Application.php:356
at vendor\symfony\console\Application.php:195
at vendor\laravel\framework\src\Illuminate\Console\Application.php:165
at vendor\laravel\framework\src\Illuminate\Foundation\Console\Kernel.php:447
at vendor\laravel\framework\src\Illuminate\Testing\PendingCommand.php:451
at vendor\laravel\framework\src\Illuminate\Testing\PendingCommand.php:675
at vendor\laravel\framework\src\Illuminate\Foundation\Testing\Concerns\InteractsWithConsole.php:87
at vendor\laravel\framework\src\Illuminate\Foundation\Testing\RefreshDatabase.php:119
at vendor\laravel\framework\src\Illuminate\Foundation\Testing\RefreshDatabase.php:84
at vendor\laravel\framework\src\Illuminate\Foundation\Testing\RefreshDatabase.php:25
at vendor\laravel\framework\src\Illuminate\Foundation\Testing\Concerns\InteractsWithTestCaseLifecycle.php:223
at vendor\laravel\framework\src\Illuminate\Foundation\Testing\Concerns\InteractsWithTestCaseLifecycle.php:104
at vendor\laravel\framework\src\Illuminate\Foundation\Testing\TestCase.php:63
Caused by
PDOException: could not find driver

at vendor\laravel\framework\src\Illuminate\Database\Connectors\Connector.php:66
at vendor\laravel\framework\src\Illuminate\Database\Connectors\Connector.php:44
at vendor\laravel\framework\src\Illuminate\Database\Connectors\SQLiteConnector.php:21
at vendor\laravel\framework\src\Illuminate\Database\Connectors\ConnectionFactory.php:225
at vendor\laravel\framework\src\Illuminate\Database\Connection.php:1260
at vendor\laravel\framework\src\Illuminate\Database\Connection.php:1298
at vendor\laravel\framework\src\Illuminate\Database\Connection.php:528
at vendor\laravel\framework\src\Illuminate\Database\Connection.php:421
at vendor\laravel\framework\src\Illuminate\Database\Connection.php:830
at vendor\laravel\framework\src\Illuminate\Database\Connection.php:797
at vendor\laravel\framework\src\Illuminate\Database\Connection.php:412
at vendor\laravel\framework\src\Illuminate\Database\Connection.php:357
at vendor\laravel\framework\src\Illuminate\Database\Connection.php:374
at vendor\laravel\framework\src\Illuminate\Database\Schema\Builder.php:176
at vendor\laravel\framework\src\Illuminate\Database\Migrations\DatabaseMigrationRepository.php:185
at vendor\laravel\framework\src\Illuminate\Database\Migrations\Migrator.php:758
at vendor\laravel\framework\src\Illuminate\Database\Console\Migrations\MigrateCommand.php:166
at vendor\laravel\framework\src\Illuminate\Support\helpers.php:328
at vendor\laravel\framework\src\Illuminate\Database\Console\Migrations\MigrateCommand.php:166
at vendor\laravel\framework\src\Illuminate\Database\Console\Migrations\MigrateCommand.php:142
at vendor\laravel\framework\src\Illuminate\Database\Console\Migrations\MigrateCommand.php:112
at vendor\laravel\framework\src\Illuminate\Database\Migrations\Migrator.php:671
at vendor\laravel\framework\src\Illuminate\Database\Console\Migrations\MigrateCommand.php:111
at vendor\laravel\framework\src\Illuminate\Database\Console\Migrations\MigrateCommand.php:90
at vendor\laravel\framework\src\Illuminate\Container\BoundMethod.php:36
at vendor\laravel\framework\src\Illuminate\Container\Util.php:43
at vendor\laravel\framework\src\Illuminate\Container\BoundMethod.php:96
at vendor\laravel\framework\src\Illuminate\Container\BoundMethod.php:35
at vendor\laravel\framework\src\Illuminate\Container\Container.php:799
at vendor\laravel\framework\src\Illuminate\Console\Command.php:273
at vendor\symfony\console\Command\Command.php:341
at vendor\laravel\framework\src\Illuminate\Console\Command.php:242
at vendor\laravel\framework\src\Illuminate\Console\Concerns\CallsCommands.php:68
at vendor\laravel\framework\src\Illuminate\Console\Concerns\CallsCommands.php:29
at vendor\laravel\framework\src\Illuminate\Database\Console\Migrations\FreshCommand.php:88
at vendor\laravel\framework\src\Illuminate\Container\BoundMethod.php:36
at vendor\laravel\framework\src\Illuminate\Container\Util.php:43
at vendor\laravel\framework\src\Illuminate\Container\BoundMethod.php:96
at vendor\laravel\framework\src\Illuminate\Container\BoundMethod.php:35
at vendor\laravel\framework\src\Illuminate\Container\Container.php:799
at vendor\laravel\framework\src\Illuminate\Console\Command.php:273
at vendor\symfony\console\Command\Command.php:341
at vendor\laravel\framework\src\Illuminate\Console\Command.php:242
at vendor\symfony\console\Application.php:1094
at vendor\symfony\console\Application.php:356
at vendor\symfony\console\Application.php:195
at vendor\laravel\framework\src\Illuminate\Console\Application.php:165
at vendor\laravel\framework\src\Illuminate\Foundation\Console\Kernel.php:447
at vendor\laravel\framework\src\Illuminate\Testing\PendingCommand.php:451
at vendor\laravel\framework\src\Illuminate\Testing\PendingCommand.php:675
at vendor\laravel\framework\src\Illuminate\Foundation\Testing\Concerns\InteractsWithConsole.php:87
at vendor\laravel\framework\src\Illuminate\Foundation\Testing\RefreshDatabase.php:119
at vendor\laravel\framework\src\Illuminate\Foundation\Testing\RefreshDatabase.php:84
at vendor\laravel\framework\src\Illuminate\Foundation\Testing\RefreshDatabase.php:25
at vendor\laravel\framework\src\Illuminate\Foundation\Testing\Concerns\InteractsWithTestCaseLifecycle.php:223
at vendor\laravel\framework\src\Illuminate\Foundation\Testing\Concerns\InteractsWithTestCaseLifecycle.php:104
at vendor\laravel\framework\src\Illuminate\Foundation\Testing\TestCase.php:63</error>
        </testcase>
        <testcase name="tenant isolation: user cannot see households they do not belong to" file="tests\Feature\HouseholdApiTest.php::tenant isolation: user cannot see households they do not belong to" class="Tests\Feature\HouseholdApiTest" classname="Tests.Feature.HouseholdApiTest" assertions="0" time="0.000000">
          <error type="Illuminate\Database\QueryException">tenant isolation: user cannot see households they do not belong toIlluminate\Database\QueryException: could not find driver (Connection: sqlite, Database: :memory:, SQL: select exists (select 1 from "main".sqlite_master where name = 'migrations' and type = 'table') as "exists")&#13;
at vendor\laravel\framework\src\Illuminate\Database\Connectors\Connector.php:66
at vendor\laravel\framework\src\Illuminate\Database\Connectors\Connector.php:44
at vendor\laravel\framework\src\Illuminate\Database\Connectors\SQLiteConnector.php:21
at vendor\laravel\framework\src\Illuminate\Database\Connectors\ConnectionFactory.php:225
at vendor\laravel\framework\src\Illuminate\Database\Connection.php:1260
at vendor\laravel\framework\src\Illuminate\Database\Connection.php:1298
at vendor\laravel\framework\src\Illuminate\Database\Connection.php:528
at vendor\laravel\framework\src\Illuminate\Database\Connection.php:421
at vendor\laravel\framework\src\Illuminate\Database\Connection.php:830
at vendor\laravel\framework\src\Illuminate\Database\Connection.php:797
at vendor\laravel\framework\src\Illuminate\Database\Connection.php:412
at vendor\laravel\framework\src\Illuminate\Database\Connection.php:357
at vendor\laravel\framework\src\Illuminate\Database\Connection.php:374
at vendor\laravel\framework\src\Illuminate\Database\Schema\Builder.php:176
at vendor\laravel\framework\src\Illuminate\Database\Migrations\DatabaseMigrationRepository.php:185
at vendor\laravel\framework\src\Illuminate\Database\Migrations\Migrator.php:758
at vendor\laravel\framework\src\Illuminate\Database\Console\Migrations\MigrateCommand.php:166
at vendor\laravel\framework\src\Illuminate\Support\helpers.php:328
at vendor\laravel\framework\src\Illuminate\Database\Console\Migrations\MigrateCommand.php:166
at vendor\laravel\framework\src\Illuminate\Database\Console\Migrations\MigrateCommand.php:142
at vendor\laravel\framework\src\Illuminate\Database\Console\Migrations\MigrateCommand.php:112
at vendor\laravel\framework\src\Illuminate\Database\Migrations\Migrator.php:671
at vendor\laravel\framework\src\Illuminate\Database\Console\Migrations\MigrateCommand.php:111
at vendor\laravel\framework\src\Illuminate\Database\Console\Migrations\MigrateCommand.php:90
at vendor\laravel\framework\src\Illuminate\Container\BoundMethod.php:36
at vendor\laravel\framework\src\Illuminate\Container\Util.php:43
at vendor\laravel\framework\src\Illuminate\Container\BoundMethod.php:96
at vendor\laravel\framework\src\Illuminate\Container\BoundMethod.php:35
at vendor\laravel\framework\src\Illuminate\Container\Container.php:799
at vendor\laravel\framework\src\Illuminate\Console\Command.php:273
at vendor\symfony\console\Command\Command.php:341
at vendor\laravel\framework\src\Illuminate\Console\Command.php:242
at vendor\laravel\framework\src\Illuminate\Console\Concerns\CallsCommands.php:68
at vendor\laravel\framework\src\Illuminate\Console\Concerns\CallsCommands.php:29
at vendor\laravel\framework\src\Illuminate\Database\Console\Migrations\FreshCommand.php:88
at vendor\laravel\framework\src\Illuminate\Container\BoundMethod.php:36
at vendor\laravel\framework\src\Illuminate\Container\Util.php:43
at vendor\laravel\framework\src\Illuminate\Container\BoundMethod.php:96
at vendor\laravel\framework\src\Illuminate\Container\BoundMethod.php:35
at vendor\laravel\framework\src\Illuminate\Container\Container.php:799
at vendor\laravel\framework\src\Illuminate\Console\Command.php:273
at vendor\symfony\console\Command\Command.php:341
at vendor\laravel\framework\src\Illuminate\Console\Command.php:242
at vendor\symfony\console\Application.php:1094
at vendor\symfony\console\Application.php:356
at vendor\symfony\console\Application.php:195
at vendor\laravel\framework\src\Illuminate\Console\Application.php:165
at vendor\laravel\framework\src\Illuminate\Foundation\Console\Kernel.php:447
at vendor\laravel\framework\src\Illuminate\Testing\PendingCommand.php:451
at vendor\laravel\framework\src\Illuminate\Testing\PendingCommand.php:675
at vendor\laravel\framework\src\Illuminate\Foundation\Testing\Concerns\InteractsWithConsole.php:87
at vendor\laravel\framework\src\Illuminate\Foundation\Testing\RefreshDatabase.php:119
at vendor\laravel\framework\src\Illuminate\Foundation\Testing\RefreshDatabase.php:84
at vendor\laravel\framework\src\Illuminate\Foundation\Testing\RefreshDatabase.php:25
at vendor\laravel\framework\src\Illuminate\Foundation\Testing\Concerns\InteractsWithTestCaseLifecycle.php:223
at vendor\laravel\framework\src\Illuminate\Foundation\Testing\Concerns\InteractsWithTestCaseLifecycle.php:104
at vendor\laravel\framework\src\Illuminate\Foundation\Testing\TestCase.php:63
Caused by
PDOException: could not find driver

at vendor\laravel\framework\src\Illuminate\Database\Connectors\Connector.php:66
at vendor\laravel\framework\src\Illuminate\Database\Connectors\Connector.php:44
at vendor\laravel\framework\src\Illuminate\Database\Connectors\SQLiteConnector.php:21
at vendor\laravel\framework\src\Illuminate\Database\Connectors\ConnectionFactory.php:225
at vendor\laravel\framework\src\Illuminate\Database\Connection.php:1260
at vendor\laravel\framework\src\Illuminate\Database\Connection.php:1298
at vendor\laravel\framework\src\Illuminate\Database\Connection.php:528
at vendor\laravel\framework\src\Illuminate\Database\Connection.php:421
at vendor\laravel\framework\src\Illuminate\Database\Connection.php:830
at vendor\laravel\framework\src\Illuminate\Database\Connection.php:797
at vendor\laravel\framework\src\Illuminate\Database\Connection.php:412
at vendor\laravel\framework\src\Illuminate\Database\Connection.php:357
at vendor\laravel\framework\src\Illuminate\Database\Connection.php:374
at vendor\laravel\framework\src\Illuminate\Database\Schema\Builder.php:176
at vendor\laravel\framework\src\Illuminate\Database\Migrations\DatabaseMigrationRepository.php:185
at vendor\laravel\framework\src\Illuminate\Database\Migrations\Migrator.php:758
at vendor\laravel\framework\src\Illuminate\Database\Console\Migrations\MigrateCommand.php:166
at vendor\laravel\framework\src\Illuminate\Support\helpers.php:328
at vendor\laravel\framework\src\Illuminate\Database\Console\Migrations\MigrateCommand.php:166
at vendor\laravel\framework\src\Illuminate\Database\Console\Migrations\MigrateCommand.php:142
at vendor\laravel\framework\src\Illuminate\Database\Console\Migrations\MigrateCommand.php:112
at vendor\laravel\framework\src\Illuminate\Database\Migrations\Migrator.php:671
at vendor\laravel\framework\src\Illuminate\Database\Console\Migrations\MigrateCommand.php:111
at vendor\laravel\framework\src\Illuminate\Database\Console\Migrations\MigrateCommand.php:90
at vendor\laravel\framework\src\Illuminate\Container\BoundMethod.php:36
at vendor\laravel\framework\src\Illuminate\Container\Util.php:43
at vendor\laravel\framework\src\Illuminate\Container\BoundMethod.php:96
at vendor\laravel\framework\src\Illuminate\Container\BoundMethod.php:35
at vendor\laravel\framework\src\Illuminate\Container\Container.php:799
at vendor\laravel\framework\src\Illuminate\Console\Command.php:273
at vendor\symfony\console\Command\Command.php:341
at vendor\laravel\framework\src\Illuminate\Console\Command.php:242
at vendor\laravel\framework\src\Illuminate\Console\Concerns\CallsCommands.php:68
at vendor\laravel\framework\src\Illuminate\Console\Concerns\CallsCommands.php:29
at vendor\laravel\framework\src\Illuminate\Database\Console\Migrations\FreshCommand.php:88
at vendor\laravel\framework\src\Illuminate\Container\BoundMethod.php:36
at vendor\laravel\framework\src\Illuminate\Container\Util.php:43
at vendor\laravel\framework\src\Illuminate\Container\BoundMethod.php:96
at vendor\laravel\framework\src\Illuminate\Container\BoundMethod.php:35
at vendor\laravel\framework\src\Illuminate\Container\Container.php:799
at vendor\laravel\framework\src\Illuminate\Console\Command.php:273
at vendor\symfony\console\Command\Command.php:341
at vendor\laravel\framework\src\Illuminate\Console\Command.php:242
at vendor\symfony\console\Application.php:1094
at vendor\symfony\console\Application.php:356
at vendor\symfony\console\Application.php:195
at vendor\laravel\framework\src\Illuminate\Console\Application.php:165
at vendor\laravel\framework\src\Illuminate\Foundation\Console\Kernel.php:447
at vendor\laravel\framework\src\Illuminate\Testing\PendingCommand.php:451
at vendor\laravel\framework\src\Illuminate\Testing\PendingCommand.php:675
at vendor\laravel\framework\src\Illuminate\Foundation\Testing\Concerns\InteractsWithConsole.php:87
at vendor\laravel\framework\src\Illuminate\Foundation\Testing\RefreshDatabase.php:119
at vendor\laravel\framework\src\Illuminate\Foundation\Testing\RefreshDatabase.php:84
at vendor\laravel\framework\src\Illuminate\Foundation\Testing\RefreshDatabase.php:25
at vendor\laravel\framework\src\Illuminate\Foundation\Testing\Concerns\InteractsWithTestCaseLifecycle.php:223
at vendor\laravel\framework\src\Illuminate\Foundation\Testing\Concerns\InteractsWithTestCaseLifecycle.php:104
at vendor\laravel\framework\src\Illuminate\Foundation\Testing\TestCase.php:63</error>
        </testcase>
        <testcase name="authorization: only admins can invite users to a household" file="tests\Feature\HouseholdApiTest.php::authorization: only admins can invite users to a household" class="Tests\Feature\HouseholdApiTest" classname="Tests.Feature.HouseholdApiTest" assertions="0" time="0.000000">
          <error type="Illuminate\Database\QueryException">authorization: only admins can invite users to a householdIlluminate\Database\QueryException: could not find driver (Connection: sqlite, Database: :memory:, SQL: select exists (select 1 from "main".sqlite_master where name = 'migrations' and type = 'table') as "exists")&#13;
at vendor\laravel\framework\src\Illuminate\Database\Connectors\Connector.php:66
at vendor\laravel\framework\src\Illuminate\Database\Connectors\Connector.php:44
at vendor\laravel\framework\src\Illuminate\Database\Connectors\SQLiteConnector.php:21
at vendor\laravel\framework\src\Illuminate\Database\Connectors\ConnectionFactory.php:225
at vendor\laravel\framework\src\Illuminate\Database\Connection.php:1260
at vendor\laravel\framework\src\Illuminate\Database\Connection.php:1298
at vendor\laravel\framework\src\Illuminate\Database\Connection.php:528
at vendor\laravel\framework\src\Illuminate\Database\Connection.php:421
at vendor\laravel\framework\src\Illuminate\Database\Connection.php:830
at vendor\laravel\framework\src\Illuminate\Database\Connection.php:797
at vendor\laravel\framework\src\Illuminate\Database\Connection.php:412
at vendor\laravel\framework\src\Illuminate\Database\Connection.php:357
at vendor\laravel\framework\src\Illuminate\Database\Connection.php:374
at vendor\laravel\framework\src\Illuminate\Database\Schema\Builder.php:176
at vendor\laravel\framework\src\Illuminate\Database\Migrations\DatabaseMigrationRepository.php:185
at vendor\laravel\framework\src\Illuminate\Database\Migrations\Migrator.php:758
at vendor\laravel\framework\src\Illuminate\Database\Console\Migrations\MigrateCommand.php:166
at vendor\laravel\framework\src\Illuminate\Support\helpers.php:328
at vendor\laravel\framework\src\Illuminate\Database\Console\Migrations\MigrateCommand.php:166
at vendor\laravel\framework\src\Illuminate\Database\Console\Migrations\MigrateCommand.php:142
at vendor\laravel\framework\src\Illuminate\Database\Console\Migrations\MigrateCommand.php:112
at vendor\laravel\framework\src\Illuminate\Database\Migrations\Migrator.php:671
at vendor\laravel\framework\src\Illuminate\Database\Console\Migrations\MigrateCommand.php:111
at vendor\laravel\framework\src\Illuminate\Database\Console\Migrations\MigrateCommand.php:90
at vendor\laravel\framework\src\Illuminate\Container\BoundMethod.php:36
at vendor\laravel\framework\src\Illuminate\Container\Util.php:43
at vendor\laravel\framework\src\Illuminate\Container\BoundMethod.php:96
at vendor\laravel\framework\src\Illuminate\Container\BoundMethod.php:35
at vendor\laravel\framework\src\Illuminate\Container\Container.php:799
at vendor\laravel\framework\src\Illuminate\Console\Command.php:273
at vendor\symfony\console\Command\Command.php:341
at vendor\laravel\framework\src\Illuminate\Console\Command.php:242
at vendor\laravel\framework\src\Illuminate\Console\Concerns\CallsCommands.php:68
at vendor\laravel\framework\src\Illuminate\Console\Concerns\CallsCommands.php:29
at vendor\laravel\framework\src\Illuminate\Database\Console\Migrations\FreshCommand.php:88
at vendor\laravel\framework\src\Illuminate\Container\BoundMethod.php:36
at vendor\laravel\framework\src\Illuminate\Container\Util.php:43
at vendor\laravel\framework\src\Illuminate\Container\BoundMethod.php:96
at vendor\laravel\framework\src\Illuminate\Container\BoundMethod.php:35
at vendor\laravel\framework\src\Illuminate\Container\Container.php:799
at vendor\laravel\framework\src\Illuminate\Console\Command.php:273
at vendor\symfony\console\Command\Command.php:341
at vendor\laravel\framework\src\Illuminate\Console\Command.php:242
at vendor\symfony\console\Application.php:1094
at vendor\symfony\console\Application.php:356
at vendor\symfony\console\Application.php:195
at vendor\laravel\framework\src\Illuminate\Console\Application.php:165
at vendor\laravel\framework\src\Illuminate\Foundation\Console\Kernel.php:447
at vendor\laravel\framework\src\Illuminate\Testing\PendingCommand.php:451
at vendor\laravel\framework\src\Illuminate\Testing\PendingCommand.php:675
at vendor\laravel\framework\src\Illuminate\Foundation\Testing\Concerns\InteractsWithConsole.php:87
at vendor\laravel\framework\src\Illuminate\Foundation\Testing\RefreshDatabase.php:119
at vendor\laravel\framework\src\Illuminate\Foundation\Testing\RefreshDatabase.php:84
at vendor\laravel\framework\src\Illuminate\Foundation\Testing\RefreshDatabase.php:25
at vendor\laravel\framework\src\Illuminate\Foundation\Testing\Concerns\InteractsWithTestCaseLifecycle.php:223
at vendor\laravel\framework\src\Illuminate\Foundation\Testing\Concerns\InteractsWithTestCaseLifecycle.php:104
at vendor\laravel\framework\src\Illuminate\Foundation\Testing\TestCase.php:63
Caused by
PDOException: could not find driver

at vendor\laravel\framework\src\Illuminate\Database\Connectors\Connector.php:66
at vendor\laravel\framework\src\Illuminate\Database\Connectors\Connector.php:44
at vendor\laravel\framework\src\Illuminate\Database\Connectors\SQLiteConnector.php:21
at vendor\laravel\framework\src\Illuminate\Database\Connectors\ConnectionFactory.php:225
at vendor\laravel\framework\src\Illuminate\Database\Connection.php:1260
at vendor\laravel\framework\src\Illuminate\Database\Connection.php:1298
at vendor\laravel\framework\src\Illuminate\Database\Connection.php:528
at vendor\laravel\framework\src\Illuminate\Database\Connection.php:421
at vendor\laravel\framework\src\Illuminate\Database\Connection.php:830
at vendor\laravel\framework\src\Illuminate\Database\Connection.php:797
at vendor\laravel\framework\src\Illuminate\Database\Connection.php:412
at vendor\laravel\framework\src\Illuminate\Database\Connection.php:357
at vendor\laravel\framework\src\Illuminate\Database\Connection.php:374
at vendor\laravel\framework\src\Illuminate\Database\Schema\Builder.php:176
at vendor\laravel\framework\src\Illuminate\Database\Migrations\DatabaseMigrationRepository.php:185
at vendor\laravel\framework\src\Illuminate\Database\Migrations\Migrator.php:758
at vendor\laravel\framework\src\Illuminate\Database\Console\Migrations\MigrateCommand.php:166
at vendor\laravel\framework\src\Illuminate\Support\helpers.php:328
at vendor\laravel\framework\src\Illuminate\Database\Console\Migrations\MigrateCommand.php:166
at vendor\laravel\framework\src\Illuminate\Database\Console\Migrations\MigrateCommand.php:142
at vendor\laravel\framework\src\Illuminate\Database\Console\Migrations\MigrateCommand.php:112
at vendor\laravel\framework\src\Illuminate\Database\Migrations\Migrator.php:671
at vendor\laravel\framework\src\Illuminate\Database\Console\Migrations\MigrateCommand.php:111
at vendor\laravel\framework\src\Illuminate\Database\Console\Migrations\MigrateCommand.php:90
at vendor\laravel\framework\src\Illuminate\Container\BoundMethod.php:36
at vendor\laravel\framework\src\Illuminate\Container\Util.php:43
at vendor\laravel\framework\src\Illuminate\Container\BoundMethod.php:96
at vendor\laravel\framework\src\Illuminate\Container\BoundMethod.php:35
at vendor\laravel\framework\src\Illuminate\Container\Container.php:799
at vendor\laravel\framework\src\Illuminate\Console\Command.php:273
at vendor\symfony\console\Command\Command.php:341
at vendor\laravel\framework\src\Illuminate\Console\Command.php:242
at vendor\laravel\framework\src\Illuminate\Console\Concerns\CallsCommands.php:68
at vendor\laravel\framework\src\Illuminate\Console\Concerns\CallsCommands.php:29
at vendor\laravel\framework\src\Illuminate\Database\Console\Migrations\FreshCommand.php:88
at vendor\laravel\framework\src\Illuminate\Container\BoundMethod.php:36
at vendor\laravel\framework\src\Illuminate\Container\Util.php:43
at vendor\laravel\framework\src\Illuminate\Container\BoundMethod.php:96
at vendor\laravel\framework\src\Illuminate\Container\BoundMethod.php:35
at vendor\laravel\framework\src\Illuminate\Container\Container.php:799
at vendor\laravel\framework\src\Illuminate\Console\Command.php:273
at vendor\symfony\console\Command\Command.php:341
at vendor\laravel\framework\src\Illuminate\Console\Command.php:242
at vendor\symfony\console\Application.php:1094
at vendor\symfony\console\Application.php:356
at vendor\symfony\console\Application.php:195
at vendor\laravel\framework\src\Illuminate\Console\Application.php:165
at vendor\laravel\framework\src\Illuminate\Foundation\Console\Kernel.php:447
at vendor\laravel\framework\src\Illuminate\Testing\PendingCommand.php:451
at vendor\laravel\framework\src\Illuminate\Testing\PendingCommand.php:675
at vendor\laravel\framework\src\Illuminate\Foundation\Testing\Concerns\InteractsWithConsole.php:87
at vendor\laravel\framework\src\Illuminate\Foundation\Testing\RefreshDatabase.php:119
at vendor\laravel\framework\src\Illuminate\Foundation\Testing\RefreshDatabase.php:84
at vendor\laravel\framework\src\Illuminate\Foundation\Testing\RefreshDatabase.php:25
at vendor\laravel\framework\src\Illuminate\Foundation\Testing\Concerns\InteractsWithTestCaseLifecycle.php:223
at vendor\laravel\framework\src\Illuminate\Foundation\Testing\Concerns\InteractsWithTestCaseLifecycle.php:104
at vendor\laravel\framework\src\Illuminate\Foundation\Testing\TestCase.php:63</error>
        </testcase>
      </testsuite>
    </testsuite>
  </testsuite>
</testsuites>
